<?xml version="1.0" encoding="UTF-8"?>
<!-- Generated by org.testng.reporters.JUnitReportReporter -->
<testsuite hostname="Dell" name="javapractice.Testng_Exa" tests="2" failures="0" timestamp="3 May 2020 06:49:14 GMT" time="0.011" errors="0">
  <testcase name="testing1111" time="0.004" classname="javapractice.Testng_Exa"/>
  <testcase name="testing" time="0.007" classname="javapractice.Testng_Exa"/>
</testsuite> <!-- javapractice.Testng_Exa -->
